в•ӯв”ҖоӮ¶shado@Shadow оӮ° пҒ» DreamLite оӮ° пҗҲоӮ main вүЎ оӮ° о®ў 1.28s оӮ° пҗ® оӮ°                                                                      оӮІп’ү pwsh оӮІ100пҠ• о¬ӯ оӮІ оҷҒ 22:27:20 оӮҙв•°в”ҖвқҜвқҜвқҜ mise run app
[app] $ uv run python app.py
22:27:44 INFO Device: cuda | Dtype: torch.float16
22:27:44 INFO GPU: NVIDIA GeForce RTX 2060 with Max-Q Design (6.0 GB VRAM) | Turing: True
22:27:44 INFO bitsandbytes available: True
22:27:44 INFO Starting DreamLite app on 127.0.0.1:7863
* Running on local URL:  http://127.0.0.1:7863
22:27:45 INFO HTTP Request: GET http://127.0.0.1:7863/gradio_api/startup-events "HTTP/1.1 200 OK"
22:27:45 INFO HTTP Request: HEAD http://127.0.0.1:7863/ "HTTP/1.1 200 OK"
* To create a public link, set `share=True` in `launch()`.
22:27:45 INFO HTTP Request: GET https://api.gradio.app/pkg-version "HTTP/1.1 200 OK"
22:28:26 INFO в”Җв”Җв”Җв”Җв”Җв”Җв”Җв”Җв”Җв”Җв”Җв”Җв”Җв”Җв”Җв”Җв”Җв”Җв”Җв”Җв”Җв”Җв”Җв”Җв”Җв”Җв”Җв”Җв”Җв”Җв”Җв”Җв”Җв”Җв”Җв”Җв”Җв”Җв”Җв”Җв”Җв”Җв”Җв”Җв”Җв”Җв”Җв”Җв”Җв”Җв”Җв”Җв”Җв”Җв”Җв”Җв”Җв”Җв”Җв”Җ
22:28:26 INFO Task: generate | Model: DreamLite-base (20 steps, high quality)
22:28:26 INFO Prompt: astronaut
22:28:26 INFO Steps: 20 | Guidance: 3.5 | Seed: 42
22:28:26 INFO Loading DreamLite-base (20 steps, high quality) with 4-bit text encoder...
22:28:26 INFO We will use 90% of the memory on device 0 for storing the model, and 10% for the buffer to avoid OOM. You can set `max_memory` in to a higher value to use more memory (at your own risk).
22:28:32 INFO VAE tiling enabled.
22:28:32 INFO Pipeline ready in 2.1s
22:28:32 INFO VRAM: 2.21 GB allocated, 2.21 GB reserved
22:28:32 INFO Resolution: 1024 Г— 1024
Traceback (most recent call last):
  File "C:\Users\shado\Documents\DreamLite\.venv\Lib\site-packages\gradio\queueing.py", line 867, in process_events
    response = await route_utils.call_process_api(
               ^^^^^^^^^^^^^^^^^^^^^^^^^^^^^^^^^^^
  File "C:\Users\shado\Documents\DreamLite\.venv\Lib\site-packages\gradio\route_utils.py", line 374, in call_process_api
    output = await app.get_blocks().process_api(
             ^^^^^^^^^^^^^^^^^^^^^^^^^^^^^^^^^^^
  File "C:\Users\shado\Documents\DreamLite\.venv\Lib\site-packages\gradio\blocks.py", line 2179, in process_api
    result = await self.call_function(
             ^^^^^^^^^^^^^^^^^^^^^^^^^
  File "C:\Users\shado\Documents\DreamLite\.venv\Lib\site-packages\gradio\blocks.py", line 1636, in call_function
    prediction = await anyio.to_thread.run_sync(  # type: ignore
                 ^^^^^^^^^^^^^^^^^^^^^^^^^^^^^^^^^^^^^^^^^^^^^^^
  File "C:\Users\shado\Documents\DreamLite\.venv\Lib\site-packages\anyio\to_thread.py", line 63, in run_sync
    return await get_async_backend().run_sync_in_worker_thread(
           ^^^^^^^^^^^^^^^^^^^^^^^^^^^^^^^^^^^^^^^^^^^^^^^^^^^^
  File "C:\Users\shado\Documents\DreamLite\.venv\Lib\site-packages\anyio\_backends\_asyncio.py", line 2518, in run_sync_in_worker_thread
    return await future
           ^^^^^^^^^^^^
  File "C:\Users\shado\Documents\DreamLite\.venv\Lib\site-packages\anyio\_backends\_asyncio.py", line 1002, in run
    result = context.run(func, *args)
             ^^^^^^^^^^^^^^^^^^^^^^^^
  File "C:\Users\shado\Documents\DreamLite\.venv\Lib\site-packages\gradio\utils.py", line 1061, in wrapper
    response = f(*args, **kwargs)
               ^^^^^^^^^^^^^^^^^^
  File "C:\Users\shado\Documents\DreamLite\.venv\Lib\site-packages\gradio\utils.py", line 1061, in wrapper
    response = f(*args, **kwargs)
               ^^^^^^^^^^^^^^^^^^
  File "C:\Users\shado\Documents\DreamLite\app.py", line 191, in generate
    result = pipe(**kwargs).images[0]
             ^^^^^^^^^^^^^^
  File "C:\Users\shado\Documents\DreamLite\.venv\Lib\site-packages\torch\utils\_contextlib.py", line 116, in decorate_context
    return func(*args, **kwargs)
           ^^^^^^^^^^^^^^^^^^^^^
  File "C:\Users\shado\Documents\DreamLite\dreamlite\pipelines\dreamlite\pipeline_dreamlite.py", line 568, in __call__
    move_to_device(self.text_encoder, device, dtype)
  File "C:\Users\shado\Documents\DreamLite\dreamlite\pipelines\dreamlite\optimize.py", line 109, in move_to_device
    module.to(device=device, dtype=dtype)
  File "C:\Users\shado\Documents\DreamLite\.venv\Lib\site-packages\transformers\modeling_utils.py", line 4322, in to
    raise ValueError(
ValueError: You cannot cast a bitsandbytes model in a new `dtype`. Make sure to load the model using `from_pretrained` using the desired `dtype` by passing the correct `dtype` argument.
Keyboard interruption in main thread... closing server.
в•ӯв”ҖоӮ¶shado@Shadow оӮ° пҒ» DreamLite оӮ° пҗҲоӮ main вүЎ оӮ° о®ў 1m 49.409s оӮ° пҗ® оӮ°                                                                                                                                                                                                                                                                                                                      
